<?xml version="1.0" encoding="UTF-8"?>
<!-- Generated by org.testng.reporters.JUnitReportReporter -->
<testsuite hostname="Samyak6-MainCabin" failures="0" tests="4" name="admin.BidderSupplierSummaryController" time="2.494" errors="0" timestamp="2025-01-30T10:12:01 IST" skipped="0">
  <testcase classname="admin.BidderSupplierSummaryController" name="test02GetDetailedSupplierSummary" time="0.032"/>
  <system-out/>
  <testcase classname="admin.BidderSupplierSummaryController" name="Test04GetBiddersSummary" time="2.397"/>
  <system-out/>
  <testcase classname="admin.BidderSupplierSummaryController" name="test01GetSupplierSummary" time="0.034"/>
  <system-out/>
  <testcase classname="admin.BidderSupplierSummaryController" name="test03GetDetailedBidderSummary" time="0.031"/>
  <system-out/>
</testsuite> <!-- admin.BidderSupplierSummaryController -->
