<?xml version="1.0" encoding="UTF-8"?>
<!-- Generated by org.testng.reporters.JUnitReportReporter -->
<testsuite hostname="Samyak6-MainCabin" failures="0" tests="4" name="admin.ClarityController" time="0.298" errors="0" timestamp="2025-01-30T10:12:01 IST" skipped="0">
  <testcase classname="admin.ClarityController" name="test02PostClarity" time="0.030"/>
  <system-out/>
  <testcase classname="admin.ClarityController" name="test01PutClarityId" time="0.035"/>
  <system-out/>
  <testcase classname="admin.ClarityController" name="test04GetClarities" time="0.172"/>
  <system-out/>
  <testcase classname="admin.ClarityController" name="test03PostClarityExcel" time="0.061"/>
  <system-out/>
</testsuite> <!-- admin.ClarityController -->
