<?xml version="1.0" encoding="UTF-8"?>
<!-- Generated by org.testng.reporters.JUnitReportReporter -->
<testsuite hostname="Samyak6-MainCabin" failures="0" tests="3" name="admin.InvoiceListController" time="0.082" errors="0" timestamp="2025-01-16T17:26:23 IST" skipped="0">
  <testcase classname="admin.InvoiceListController" name="test01GetPastInvoiceList" time="0.028"/>
  <system-out/>
  <testcase classname="admin.InvoiceListController" name="test03GetHoldInvoiceList" time="0.026"/>
  <system-out/>
  <testcase classname="admin.InvoiceListController" name="test02GetInvoiceList" time="0.028"/>
  <system-out/>
</testsuite> <!-- admin.InvoiceListController -->
