<?xml version="1.0" encoding="UTF-8"?>
<!-- Generated by org.testng.reporters.JUnitReportReporter -->
<testsuite hostname="Samyak6-MainCabin" failures="0" tests="2" name="admin.rapaportController" time="7.424" errors="0" timestamp="2025-01-16T17:26:23 IST" skipped="0">
  <testcase classname="admin.rapaportController" name="Test01LotDiamondrapPrice" time="0.024"/>
  <system-out/>
  <testcase classname="admin.rapaportController" name="Test02rapaports" time="7.400"/>
  <system-out/>
</testsuite> <!-- admin.rapaportController -->
