<?xml version="1.0" encoding="UTF-8"?>
<!-- Generated by org.testng.reporters.JUnitReportReporter -->
<testsuite hostname="Samyak6-MainCabin" failures="0" tests="4" name="admin.LabController" time="0.266" errors="0" timestamp="2025-01-30T10:12:01 IST" skipped="0">
  <testcase classname="admin.LabController" name="Test04Labs" time="0.125"/>
  <system-out/>
  <testcase classname="admin.LabController" name="Test03LabExcel" time="0.062"/>
  <system-out/>
  <testcase classname="admin.LabController" name="Test02Lab" time="0.034"/>
  <system-out/>
  <testcase classname="admin.LabController" name="Test01LabLabId" time="0.045"/>
  <system-out/>
</testsuite> <!-- admin.LabController -->
