<?xml version="1.0" encoding="UTF-8"?>
<!-- Generated by org.testng.reporters.JUnitReportReporter -->
<testsuite hostname="Samyak6-MainCabin" failures="0" tests="5" name="admin.InvoiceDetailsController" time="0.333" errors="0" timestamp="2025-02-01T14:37:43 IST" skipped="0">
  <testcase classname="admin.InvoiceDetailsController" name="test04InvoiceDetailUserIdAuctionId" time="0.032"/>
  <system-out/>
  <testcase classname="admin.InvoiceDetailsController" name="test03InvoiceDetailsAllAuctionId" time="0.182"/>
  <system-out/>
  <testcase classname="admin.InvoiceDetailsController" name="test01UserIdAuctionId" time="0.043"/>
  <system-out/>
  <testcase classname="admin.InvoiceDetailsController" name="test05invoideDetailsAll" time="0.033"/>
  <system-out/>
  <testcase classname="admin.InvoiceDetailsController" name="test02InvoiceDetails" time="0.043"/>
  <system-out/>
</testsuite> <!-- admin.InvoiceDetailsController -->
