<?xml version="1.0" encoding="UTF-8"?>
<!-- Generated by org.testng.reporters.JUnitReportReporter -->
<testsuite hostname="Samyak6-MainCabin" failures="0" tests="6" name="admin.LotDiamondController" time="0.284" errors="0" timestamp="2025-01-30T10:12:01 IST" skipped="0">
  <testcase classname="admin.LotDiamondController" name="Test05LotDiamonds" time="0.033"/>
  <system-out/>
  <testcase classname="admin.LotDiamondController" name="Test08LotDIamondssupplierLots" time="0.126"/>
  <system-out/>
  <testcase classname="admin.LotDiamondController" name="Test01LotActiveAll" time="0.033"/>
  <system-out/>
  <testcase classname="admin.LotDiamondController" name="Test03LotDiamondAuctionId" time="0.023"/>
  <system-out/>
  <testcase classname="admin.LotDiamondController" name="Test07LotDiamondsAuctionId" time="0.035"/>
  <system-out/>
  <testcase classname="admin.LotDiamondController" name="Test09otDiamondsPrevious" time="0.034"/>
  <system-out/>
</testsuite> <!-- admin.LotDiamondController -->
