<?xml version="1.0" encoding="UTF-8"?>
<!-- Generated by org.testng.reporters.JUnitReportReporter -->
<testsuite hostname="Samyak6-MainCabin" failures="0" tests="4" name="admin.ImageController" time="2.844" errors="0" timestamp="2025-02-01T14:37:43 IST" skipped="0">
  <testcase classname="admin.ImageController" name="Test03GetFetchImages" time="0.884"/>
  <system-out/>
  <testcase classname="admin.ImageController" name="Test02GetImages" time="1.190"/>
  <system-out/>
  <testcase classname="admin.ImageController" name="Test01GetTopbarLogo" time="0.367"/>
  <system-out/>
  <testcase classname="admin.ImageController" name="Test04GetBulkBidThumbnailLogo" time="0.403"/>
  <system-out/>
</testsuite> <!-- admin.ImageController -->
