<?xml version="1.0" encoding="UTF-8"?>
<!-- Generated by org.testng.reporters.JUnitReportReporter -->
<testsuite hostname="Samyak6-MainCabin" failures="0" tests="4" name="admin.ColorController" time="0.000" errors="0" timestamp="2025-01-25T15:12:01 IST" skipped="4">
  <testcase classname="admin.ColorController" name="Test03PostColorExcel" time="0.000">
    <skipped/>
  </testcase> <!-- Test03PostColorExcel -->
  <system-out/>
  <testcase classname="admin.ColorController" name="Test01PutColorId" time="0.000">
    <skipped/>
  </testcase> <!-- Test01PutColorId -->
  <system-out/>
  <testcase classname="admin.ColorController" name="Test02PostColor" time="0.000">
    <skipped/>
  </testcase> <!-- Test02PostColor -->
  <system-out/>
  <testcase classname="admin.ColorController" name="Test04GetColors" time="0.000">
    <skipped/>
  </testcase> <!-- Test04GetColors -->
  <system-out/>
</testsuite> <!-- admin.ColorController -->
