<?xml version="1.0" encoding="UTF-8"?>
<!-- Generated by org.testng.reporters.JUnitReportReporter -->
<testsuite hostname="Samyak6-MainCabin" failures="0" tests="2" name="admin.rapaportController" time="10.380" errors="0" timestamp="2025-02-01T14:37:43 IST" skipped="0">
  <testcase classname="admin.rapaportController" name="Test02rapaports" time="10.352"/>
  <system-out/>
  <testcase classname="admin.rapaportController" name="Test01LotDiamondrapPrice" time="0.028"/>
  <system-out/>
</testsuite> <!-- admin.rapaportController -->
