<?xml version="1.0" encoding="UTF-8"?>
<!-- Generated by org.testng.reporters.JUnitReportReporter -->
<testsuite hostname="Samyak6-MainCabin" failures="0" tests="4" name="admin.ColorController" time="0.372" errors="0" timestamp="2025-01-16T17:26:23 IST" skipped="0">
  <testcase classname="admin.ColorController" name="Test03PostColorExcel" time="0.090"/>
  <system-out/>
  <testcase classname="admin.ColorController" name="Test04GetColors" time="0.212"/>
  <system-out/>
  <testcase classname="admin.ColorController" name="Test01PutColorId" time="0.042"/>
  <system-out/>
  <testcase classname="admin.ColorController" name="Test02PostColor" time="0.028"/>
  <system-out/>
</testsuite> <!-- admin.ColorController -->
