<?xml version="1.0" encoding="UTF-8"?>
<!-- Generated by org.testng.reporters.JUnitReportReporter -->
<testsuite hostname="Samyak6-MainCabin" failures="0" tests="3" name="admin.LedgerController" time="0.113" errors="0" timestamp="2025-01-30T10:12:01 IST" skipped="0">
  <testcase classname="admin.LedgerController" name="test02Ledger" time="0.033"/>
  <system-out/>
  <testcase classname="admin.LedgerController" name="test01LedgerLedgerId" time="0.031"/>
  <system-out/>
  <testcase classname="admin.LedgerController" name="test03Ledgers" time="0.049"/>
  <system-out/>
</testsuite> <!-- admin.LedgerController -->
