<?xml version="1.0" encoding="UTF-8"?>
<!-- Generated by org.testng.reporters.JUnitReportReporter -->
<testsuite hostname="Samyak6-MainCabin" failures="0" tests="10" name="admin.BidController" time="0.412" errors="0" timestamp="2025-02-01T14:37:43 IST" skipped="3">
  <testcase classname="admin.BidController" name="Test12GetBidHistory" time="0.113"/>
  <system-out/>
  <testcase classname="admin.BidController" name="Test02PutBidUpdateJewellery" time="0.039"/>
  <system-out/>
  <testcase classname="admin.BidController" name="Test03PostMakeWinners" time="0.039"/>
  <system-out/>
  <testcase classname="admin.BidController" name="Test11GetAllCounts" time="0.037"/>
  <system-out/>
  <testcase classname="admin.BidController" name="Test13GetBidDelete" time="0.033"/>
  <system-out/>
  <testcase classname="admin.BidController" name="Test04GetBiddersInfo" time="0.119"/>
  <system-out/>
  <testcase classname="admin.BidController" name="Test01PutBidUpdate" time="0.032"/>
  <system-out/>
  <testcase classname="admin.BidController" name="Test08GetMyBid">
    <skipped/>
  </testcase> <!-- Test08GetMyBid -->
  <system-out/>
  <testcase classname="admin.BidController" name="Test06GetBidCount">
    <skipped/>
  </testcase> <!-- Test06GetBidCount -->
  <system-out/>
  <testcase classname="admin.BidController" name="Test09GetLoseCount">
    <skipped/>
  </testcase> <!-- Test09GetLoseCount -->
  <system-out/>
</testsuite> <!-- admin.BidController -->
