<?xml version="1.0" encoding="UTF-8"?>
<!-- Generated by org.testng.reporters.JUnitReportReporter -->
<testsuite hostname="Samyak6-MainCabin" failures="0" tests="3" name="admin.UserControllerMerged" time="3.339" errors="0" timestamp="2025-02-01T14:37:43 IST" skipped="0">
  <testcase classname="admin.UserControllerMerged" name="Test01GetUserSummary" time="1.693"/>
  <system-out/>
  <testcase classname="admin.UserControllerMerged" name="Test03GetUserAccountSummary" time="1.601"/>
  <system-out/>
  <testcase classname="admin.UserControllerMerged" name="Test02GetUserRole" time="0.045"/>
  <system-out/>
</testsuite> <!-- admin.UserControllerMerged -->
