<?xml version="1.0" encoding="UTF-8"?>
<!-- Generated by org.testng.reporters.JUnitReportReporter -->
<testsuite hostname="Samyak6-MainCabin" failures="0" tests="2" name="admin.ReservationController" time="0.045" errors="1" timestamp="2025-01-21T17:06:09 IST" skipped="0">
  <testcase classname="admin.ReservationController" name="Test02GetSlots" time="0.045"/>
  <system-out/>
  <testcase classname="admin.ReservationController" name="Test01PostSlotTransaction" time="0.000">
    <error message="Unresolved compilation problems: 
	Type mismatch: cannot convert from String[] to String
	Syntax error on token &quot;:&quot;, , expected
	Syntax error on token &quot;:&quot;, , expected
	Syntax error on token &quot;:&quot;, , expected
	Syntax error on tokens, delete these tokens
	Syntax error on token &quot;:&quot;, , expected
	The type of the expression must be an array type but it resolved to String
	Syntax error on tokens, delete these tokens
	Type mismatch: cannot convert from String to int
	Syntax error on token &quot;:&quot;, , expected
	Syntax error on token &quot;:&quot;, , expected
	Syntax error on token &quot;:&quot;, , expected
	Syntax error on token &quot;:&quot;, , expected
	Syntax error on token &quot;:&quot;, , expected
	Syntax error on token &quot;:&quot;, , expected
	Syntax error on token &quot;:&quot;, , expected
	Syntax error on token &quot;:&quot;, , expected
	Syntax error on token &quot;:&quot;, , expected
	Syntax error on token &quot;:&quot;, , expected
	Syntax error, insert &quot;;&quot; to complete LocalVariableDeclarationStatement
" type="java.lang.Error">
      <![CDATA[java.lang.Error: Unresolved compilation problems: 
Type mismatch: cannot convert from String[] to String
Syntax error on token ":", , expected
Syntax error on token ":", , expected
Syntax error on token ":", , expected
Syntax error on tokens, delete these tokens
Syntax error on token ":", , expected
The type of the expression must be an array type but it resolved to String
Syntax error on tokens, delete these tokens
Type mismatch: cannot convert from String to int
Syntax error on token ":", , expected
Syntax error on token ":", , expected
Syntax error on token ":", , expected
Syntax error on token ":", , expected
Syntax error on token ":", , expected
Syntax error on token ":", , expected
Syntax error on token ":", , expected
Syntax error on token ":", , expected
Syntax error on token ":", , expected
Syntax error on token ":", , expected
Syntax error, insert ";" to complete LocalVariableDeclarationStatement

at admin.ReservationController.Test01PostSlotTransaction(ReservationController.java:32)
at java.base/jdk.internal.reflect.DirectMethodHandleAccessor.invoke(DirectMethodHandleAccessor.java:103)
at java.base/java.lang.reflect.Method.invoke(Method.java:580)
at org.testng.internal.MethodInvocationHelper.invokeMethod(MethodInvocationHelper.java:133)
at org.testng.internal.TestInvoker.invokeMethod(TestInvoker.java:598)
at org.testng.internal.TestInvoker.invokeTestMethod(TestInvoker.java:173)
at org.testng.internal.MethodRunner.runInSequence(MethodRunner.java:46)
at org.testng.internal.TestInvoker$MethodInvocationAgent.invoke(TestInvoker.java:824)
at org.testng.internal.TestInvoker.invokeTestMethods(TestInvoker.java:146)
at org.testng.internal.TestMethodWorker.invokeTestMethods(TestMethodWorker.java:146)
at org.testng.internal.TestMethodWorker.run(TestMethodWorker.java:128)
at java.base/java.util.ArrayList.forEach(ArrayList.java:1597)
at org.testng.TestRunner.privateRun(TestRunner.java:794)
at org.testng.TestRunner.run(TestRunner.java:596)
at org.testng.SuiteRunner.runTest(SuiteRunner.java:377)
at org.testng.SuiteRunner.runSequentially(SuiteRunner.java:371)
at org.testng.SuiteRunner.privateRun(SuiteRunner.java:332)
at org.testng.SuiteRunner.run(SuiteRunner.java:276)
at org.testng.SuiteRunnerWorker.runSuite(SuiteRunnerWorker.java:53)
at org.testng.SuiteRunnerWorker.run(SuiteRunnerWorker.java:96)
at org.testng.TestNG.runSuitesSequentially(TestNG.java:1212)
at org.testng.TestNG.runSuitesLocally(TestNG.java:1134)
at org.testng.TestNG.runSuites(TestNG.java:1063)
at org.testng.TestNG.run(TestNG.java:1031)
at org.testng.remote.AbstractRemoteTestNG.run(AbstractRemoteTestNG.java:115)
at org.testng.remote.RemoteTestNG.initAndRun(RemoteTestNG.java:293)
at org.testng.remote.RemoteTestNG.main(RemoteTestNG.java:91)
]]>
    </error>
  </testcase> <!-- Test01PostSlotTransaction -->
  <system-out/>
</testsuite> <!-- admin.ReservationController -->
