<?xml version="1.0" encoding="UTF-8"?>
<!-- Generated by org.testng.reporters.JUnitReportReporter -->
<testsuite hostname="Samyak6-MainCabin" failures="0" tests="5" name="admin.InvoiceDetailsController" time="0.409" errors="0" timestamp="2025-01-21T17:06:09 IST" skipped="0">
  <testcase classname="admin.InvoiceDetailsController" name="test02InvoiceDetails" time="0.036"/>
  <system-out/>
  <testcase classname="admin.InvoiceDetailsController" name="test05invoideDetailsAll" time="0.036"/>
  <system-out/>
  <testcase classname="admin.InvoiceDetailsController" name="test04InvoiceDetailUserIdAuctionId" time="0.036"/>
  <system-out/>
  <testcase classname="admin.InvoiceDetailsController" name="test03InvoiceDetailsAllAuctionId" time="0.261"/>
  <system-out/>
  <testcase classname="admin.InvoiceDetailsController" name="test01UserIdAuctionId" time="0.040"/>
  <system-out/>
</testsuite> <!-- admin.InvoiceDetailsController -->
