<?xml version="1.0" encoding="UTF-8"?>
<!-- Generated by org.testng.reporters.JUnitReportReporter -->
<testsuite hostname="Samyak6-MainCabin" failures="0" tests="3" name="admin.LotController" time="12.466" errors="0" timestamp="2025-02-01T14:37:43 IST" skipped="1">
  <testcase classname="admin.LotController" name="test01LotidAmount" time="0.050"/>
  <system-out/>
  <testcase classname="admin.LotController" name="test07BiddersPdf" time="12.416"/>
  <system-out/>
  <testcase classname="admin.LotController" name="test06DownloadLotExcel">
    <skipped/>
  </testcase> <!-- test06DownloadLotExcel -->
  <system-out/>
</testsuite> <!-- admin.LotController -->
