<?xml version="1.0" encoding="UTF-8"?>
<!-- Generated by org.testng.reporters.JUnitReportReporter -->
<testsuite hostname="Samyak6-MainCabin" failures="0" tests="4" name="admin.SymmetryController" time="0.314" errors="0" timestamp="2025-01-30T10:12:01 IST" skipped="0">
  <testcase classname="admin.SymmetryController" name="test04Symmetries" time="0.199"/>
  <system-out/>
  <testcase classname="admin.SymmetryController" name="test01SymmetryId" time="0.026"/>
  <system-out/>
  <testcase classname="admin.SymmetryController" name="test02Symmetry" time="0.028"/>
  <system-out/>
  <testcase classname="admin.SymmetryController" name="test03SymmetryExcel" time="0.061"/>
  <system-out/>
</testsuite> <!-- admin.SymmetryController -->
