<?xml version="1.0" encoding="UTF-8"?>
<!-- Generated by org.testng.reporters.JUnitReportReporter -->
<testsuite hostname="Samyak6-MainCabin" failures="0" tests="4" name="admin.ColorController" time="0.363" errors="0" timestamp="2025-01-21T17:06:09 IST" skipped="0">
  <testcase classname="admin.ColorController" name="Test01PutColorId" time="0.036"/>
  <system-out/>
  <testcase classname="admin.ColorController" name="Test02PostColor" time="0.031"/>
  <system-out/>
  <testcase classname="admin.ColorController" name="Test03PostColorExcel" time="0.071"/>
  <system-out/>
  <testcase classname="admin.ColorController" name="Test04GetColors" time="0.225"/>
  <system-out/>
</testsuite> <!-- admin.ColorController -->
