<?xml version="1.0" encoding="UTF-8"?>
<!-- Generated by org.testng.reporters.JUnitReportReporter -->
<testsuite hostname="Samyak6-MainCabin" failures="0" tests="5" name="admin.BrandController" time="0.182" errors="0" timestamp="2025-02-01T14:37:43 IST" skipped="1">
  <testcase classname="admin.BrandController" name="test05GetBrands" time="0.034"/>
  <system-out/>
  <testcase classname="admin.BrandController" name="test01PutBrand" time="0.036"/>
  <system-out/>
  <testcase classname="admin.BrandController" name="test02GetBrand" time="0.082"/>
  <system-out/>
  <testcase classname="admin.BrandController" name="test03PostBrand" time="0.030"/>
  <system-out/>
  <testcase classname="admin.BrandController" name="test04PostBrandExcel">
    <skipped/>
  </testcase> <!-- test04PostBrandExcel -->
  <system-out/>
</testsuite> <!-- admin.BrandController -->
