<?xml version="1.0" encoding="UTF-8"?>
<!-- Generated by org.testng.reporters.JUnitReportReporter -->
<testsuite hostname="Samyak6-MainCabin" failures="0" tests="1" name="admin.BalanceSheetController" time="1.673" errors="0" timestamp="2025-02-01T14:37:43 IST" skipped="0">
  <testcase classname="admin.BalanceSheetController" name="Test01BalanceSheet" time="1.673"/>
  <system-out/>
</testsuite> <!-- admin.BalanceSheetController -->
