<?xml version="1.0" encoding="UTF-8"?>
<!-- Generated by org.testng.reporters.JUnitReportReporter -->
<testsuite hostname="Samyak6-MainCabin" failures="0" tests="2" name="admin.AuthenticationController" time="0.222" errors="0" timestamp="2025-01-21T17:06:09 IST" skipped="0">
  <testcase classname="admin.AuthenticationController" name="test01AuthRegister" time="0.146"/>
  <system-out/>
  <testcase classname="admin.AuthenticationController" name="test02AuthRegisterAll" time="0.076"/>
  <system-out/>
</testsuite> <!-- admin.AuthenticationController -->
