<?xml version="1.0" encoding="UTF-8"?>
<!-- Generated by org.testng.reporters.JUnitReportReporter -->
<testsuite hostname="Samyak6-MainCabin" failures="0" tests="5" name="admin.InvoiceDetailsController" time="0.000" errors="0" timestamp="2025-01-25T15:12:01 IST" skipped="5">
  <testcase classname="admin.InvoiceDetailsController" name="test05invoideDetailsAll" time="0.000">
    <skipped/>
  </testcase> <!-- test05invoideDetailsAll -->
  <system-out/>
  <testcase classname="admin.InvoiceDetailsController" name="test02InvoiceDetails" time="0.000">
    <skipped/>
  </testcase> <!-- test02InvoiceDetails -->
  <system-out/>
  <testcase classname="admin.InvoiceDetailsController" name="test04InvoiceDetailUserIdAuctionId" time="0.000">
    <skipped/>
  </testcase> <!-- test04InvoiceDetailUserIdAuctionId -->
  <system-out/>
  <testcase classname="admin.InvoiceDetailsController" name="test03InvoiceDetailsAllAuctionId" time="0.000">
    <skipped/>
  </testcase> <!-- test03InvoiceDetailsAllAuctionId -->
  <system-out/>
  <testcase classname="admin.InvoiceDetailsController" name="test01UserIdAuctionId" time="0.000">
    <skipped/>
  </testcase> <!-- test01UserIdAuctionId -->
  <system-out/>
</testsuite> <!-- admin.InvoiceDetailsController -->
