<?xml version="1.0" encoding="UTF-8"?>
<!-- Generated by org.testng.reporters.JUnitReportReporter -->
<testsuite hostname="Samyak6-MainCabin" failures="0" tests="4" name="admin.PolishController" time="0.320" errors="0" timestamp="2025-01-21T17:06:09 IST" skipped="0">
  <testcase classname="admin.PolishController" name="test01PolishPolishId" time="0.041"/>
  <system-out/>
  <testcase classname="admin.PolishController" name="test03PolishExcel" time="0.102"/>
  <system-out/>
  <testcase classname="admin.PolishController" name="test04Polishes" time="0.125"/>
  <system-out/>
  <testcase classname="admin.PolishController" name="test02Polish" time="0.052"/>
  <system-out/>
</testsuite> <!-- admin.PolishController -->
