<?xml version="1.0" encoding="UTF-8"?>
<!-- Generated by org.testng.reporters.JUnitReportReporter -->
<testsuite hostname="Samyak6-MainCabin" failures="0" tests="4" name="admin.FluoresceneController" time="0.000" errors="0" timestamp="2025-01-25T15:12:01 IST" skipped="4">
  <testcase classname="admin.FluoresceneController" name="test01PutFluoresceneID" time="0.000">
    <skipped/>
  </testcase> <!-- test01PutFluoresceneID -->
  <system-out/>
  <testcase classname="admin.FluoresceneController" name="test02PostFluorescene" time="0.000">
    <skipped/>
  </testcase> <!-- test02PostFluorescene -->
  <system-out/>
  <testcase classname="admin.FluoresceneController" name="tset03PostFluoresceneExcel" time="0.000">
    <skipped/>
  </testcase> <!-- tset03PostFluoresceneExcel -->
  <system-out/>
  <testcase classname="admin.FluoresceneController" name="test04GetFluorescenes" time="0.000">
    <skipped/>
  </testcase> <!-- test04GetFluorescenes -->
  <system-out/>
</testsuite> <!-- admin.FluoresceneController -->
