<?xml version="1.0" encoding="UTF-8"?>
<!-- Generated by org.testng.reporters.JUnitReportReporter -->
<testsuite hostname="Samyak6-MainCabin" failures="0" tests="6" name="admin.LotDiamondController" time="0.000" errors="0" timestamp="2025-01-25T15:12:01 IST" skipped="6">
  <testcase classname="admin.LotDiamondController" name="Test05LotDiamonds" time="0.000">
    <skipped/>
  </testcase> <!-- Test05LotDiamonds -->
  <system-out/>
  <testcase classname="admin.LotDiamondController" name="Test09otDiamondsPrevious" time="0.000">
    <skipped/>
  </testcase> <!-- Test09otDiamondsPrevious -->
  <system-out/>
  <testcase classname="admin.LotDiamondController" name="Test07LotDiamondsAuctionId" time="0.000">
    <skipped/>
  </testcase> <!-- Test07LotDiamondsAuctionId -->
  <system-out/>
  <testcase classname="admin.LotDiamondController" name="Test08LotDIamondssupplierLots" time="0.000">
    <skipped/>
  </testcase> <!-- Test08LotDIamondssupplierLots -->
  <system-out/>
  <testcase classname="admin.LotDiamondController" name="Test03LotDiamondAuctionId" time="0.000">
    <skipped/>
  </testcase> <!-- Test03LotDiamondAuctionId -->
  <system-out/>
  <testcase classname="admin.LotDiamondController" name="Test01LotActiveAll" time="0.000">
    <skipped/>
  </testcase> <!-- Test01LotActiveAll -->
  <system-out/>
</testsuite> <!-- admin.LotDiamondController -->
