<?xml version="1.0" encoding="UTF-8"?>
<!-- Generated by org.testng.reporters.JUnitReportReporter -->
<testsuite hostname="Samyak6-MainCabin" failures="0" tests="2" name="admin.ForgotPasswordController" time="0.068" errors="0" timestamp="2025-01-30T10:12:01 IST" skipped="0">
  <testcase classname="admin.ForgotPasswordController" name="test02AuthForgotPassword" time="0.033"/>
  <system-out/>
  <testcase classname="admin.ForgotPasswordController" name="test01AuthResetPassword" time="0.035"/>
  <system-out/>
</testsuite> <!-- admin.ForgotPasswordController -->
