<?xml version="1.0" encoding="UTF-8"?>
<!-- Generated by org.testng.reporters.JUnitReportReporter -->
<testsuite hostname="Samyak6-MainCabin" failures="0" tests="2" name="admin.ForgotPasswordController" time="0.122" errors="0" timestamp="2025-02-01T14:37:43 IST" skipped="0">
  <testcase classname="admin.ForgotPasswordController" name="test01AuthResetPassword" time="0.071"/>
  <system-out/>
  <testcase classname="admin.ForgotPasswordController" name="test02AuthForgotPassword" time="0.051"/>
  <system-out/>
</testsuite> <!-- admin.ForgotPasswordController -->
