<?xml version="1.0" encoding="UTF-8"?>
<!-- Generated by org.testng.reporters.JUnitReportReporter -->
<testsuite hostname="Samyak6-MainCabin" failures="0" tests="4" name="admin.CutController" time="0.305" errors="0" timestamp="2025-01-30T10:12:01 IST" skipped="0">
  <testcase classname="admin.CutController" name="test01PutCutId" time="0.029"/>
  <system-out/>
  <testcase classname="admin.CutController" name="test02PostCut" time="0.032"/>
  <system-out/>
  <testcase classname="admin.CutController" name="test03PostCutExcel" time="0.068"/>
  <system-out/>
  <testcase classname="admin.CutController" name="test04GetCuts" time="0.176"/>
  <system-out/>
</testsuite> <!-- admin.CutController -->
