<?xml version="1.0" encoding="UTF-8"?>
<!-- Generated by org.testng.reporters.JUnitReportReporter -->
<testsuite hostname="Samyak6-MainCabin" failures="0" tests="1" name="admin.UserControllerMerged" time="0.107" errors="0" timestamp="2025-01-17T17:17:26 IST" skipped="0">
  <testcase classname="admin.UserControllerMerged" name="Test02GetUserRole" time="0.107"/>
  <system-out/>
</testsuite> <!-- admin.UserControllerMerged -->
