<?xml version="1.0" encoding="UTF-8"?>
<!-- Generated by org.testng.reporters.JUnitReportReporter -->
<testsuite hostname="Samyak6-MainCabin" failures="0" tests="3" name="admin.MailInvoiceLotDiamondController" time="0.419" errors="0" timestamp="2025-01-21T17:06:09 IST" skipped="0">
  <testcase classname="admin.MailInvoiceLotDiamondController" name="Test02PostSendmailEmailIdAuctionID" time="0.040"/>
  <system-out/>
  <testcase classname="admin.MailInvoiceLotDiamondController" name="Test01PostSendmails" time="0.030"/>
  <system-out/>
  <testcase classname="admin.MailInvoiceLotDiamondController" name="Test03PostSendMailsAllLots" time="0.349"/>
  <system-out/>
</testsuite> <!-- admin.MailInvoiceLotDiamondController -->
