<?xml version="1.0" encoding="UTF-8"?>
<!-- Generated by org.testng.reporters.JUnitReportReporter -->
<testsuite hostname="Samyak6-MainCabin" failures="0" tests="4" name="admin.CountryController" time="0.000" errors="0" timestamp="2025-01-25T15:12:01 IST" skipped="4">
  <testcase classname="admin.CountryController" name="test02PutCountryId" time="0.000">
    <skipped/>
  </testcase> <!-- test02PutCountryId -->
  <system-out/>
  <testcase classname="admin.CountryController" name="test01GetCountryId" time="0.000">
    <skipped/>
  </testcase> <!-- test01GetCountryId -->
  <system-out/>
  <testcase classname="admin.CountryController" name="test03PostCountry" time="0.000">
    <skipped/>
  </testcase> <!-- test03PostCountry -->
  <system-out/>
  <testcase classname="admin.CountryController" name="test04GetCountries" time="0.000">
    <skipped/>
  </testcase> <!-- test04GetCountries -->
  <system-out/>
</testsuite> <!-- admin.CountryController -->
