<?xml version="1.0" encoding="UTF-8"?>
<!-- Generated by org.testng.reporters.JUnitReportReporter -->
<testsuite hostname="Samyak6-MainCabin" failures="0" tests="3" name="admin.CompanyController" time="0.123" errors="0" timestamp="2025-01-30T10:12:01 IST" skipped="0">
  <testcase classname="admin.CompanyController" name="test01PutCompnayId" time="0.040"/>
  <system-out/>
  <testcase classname="admin.CompanyController" name="test03PostCompany" time="0.033"/>
  <system-out/>
  <testcase classname="admin.CompanyController" name="tset02GetCompnay" time="0.050"/>
  <system-out/>
</testsuite> <!-- admin.CompanyController -->
