<?xml version="1.0" encoding="UTF-8"?>
<!-- Generated by org.testng.reporters.JUnitReportReporter -->
<testsuite hostname="Samyak6-MainCabin" failures="0" tests="1" name="admin.BalanceSheetController" time="0.000" errors="0" timestamp="2025-01-25T15:12:01 IST" skipped="1">
  <testcase classname="admin.BalanceSheetController" name="Test01BalanceSheet" time="0.000">
    <skipped/>
  </testcase> <!-- Test01BalanceSheet -->
  <system-out/>
</testsuite> <!-- admin.BalanceSheetController -->
