<?xml version="1.0" encoding="UTF-8"?>
<!-- Generated by org.testng.reporters.JUnitReportReporter -->
<testsuite hostname="Samyak6-MainCabin" failures="0" tests="9" name="admin.UserController" time="38.702" errors="0" timestamp="2025-02-01T14:37:43 IST" skipped="4">
  <testcase classname="admin.UserController" name="test01GetUserDetails" time="0.048"/>
  <system-out/>
  <testcase classname="admin.UserController" name="test09GetAppliedUsersKyc" time="0.045"/>
  <system-out/>
  <testcase classname="admin.UserController" name="test10GetInactiveUsers" time="0.184"/>
  <system-out/>
  <testcase classname="admin.UserController" name="UpdateUserUpload" time="37.252"/>
  <system-out/>
  <testcase classname="admin.UserController" name="test08GetSupplierDetailsByAuctionId" time="1.173"/>
  <system-out/>
  <testcase classname="admin.UserController" name="test11GetAllSuppliers">
    <skipped/>
  </testcase> <!-- test11GetAllSuppliers -->
  <system-out/>
  <testcase classname="admin.UserController" name="test06GetUserSupplierDetails">
    <skipped/>
  </testcase> <!-- test06GetUserSupplierDetails -->
  <system-out/>
  <testcase classname="admin.UserController" name="test07GetKycByUserId">
    <skipped/>
  </testcase> <!-- test07GetKycByUserId -->
  <system-out/>
  <testcase classname="admin.UserController" name="test05UpdateUploadedUsers">
    <skipped/>
  </testcase> <!-- test05UpdateUploadedUsers -->
  <system-out/>
</testsuite> <!-- admin.UserController -->
