<?xml version="1.0" encoding="UTF-8"?>
<!-- Generated by org.testng.reporters.JUnitReportReporter -->
<testsuite hostname="Samyak6-MainCabin" failures="0" tests="2" name="admin.rapaportController" time="6.664" errors="0" timestamp="2025-01-30T10:12:01 IST" skipped="0">
  <testcase classname="admin.rapaportController" name="Test01LotDiamondrapPrice" time="0.026"/>
  <system-out/>
  <testcase classname="admin.rapaportController" name="Test02rapaports" time="6.638"/>
  <system-out/>
</testsuite> <!-- admin.rapaportController -->
