<?xml version="1.0" encoding="UTF-8"?>
<!-- Generated by org.testng.reporters.JUnitReportReporter -->
<testsuite hostname="Samyak6-MainCabin" failures="0" tests="3" name="admin.InvoiceListController" time="0.108" errors="0" timestamp="2025-01-30T10:12:01 IST" skipped="0">
  <testcase classname="admin.InvoiceListController" name="test02GetInvoiceList" time="0.027"/>
  <system-out/>
  <testcase classname="admin.InvoiceListController" name="test03GetHoldInvoiceList" time="0.027"/>
  <system-out/>
  <testcase classname="admin.InvoiceListController" name="test01GetPastInvoiceList" time="0.054"/>
  <system-out/>
</testsuite> <!-- admin.InvoiceListController -->
