<?xml version="1.0" encoding="UTF-8"?>
<!-- Generated by org.testng.reporters.JUnitReportReporter -->
<testsuite hostname="Samyak6-MainCabin" failures="0" tests="4" name="admin.FluoresceneController" time="0.264" errors="0" timestamp="2025-01-30T10:12:01 IST" skipped="0">
  <testcase classname="admin.FluoresceneController" name="test01PutFluoresceneID" time="0.033"/>
  <system-out/>
  <testcase classname="admin.FluoresceneController" name="test04GetFluorescenes" time="0.132"/>
  <system-out/>
  <testcase classname="admin.FluoresceneController" name="tset03PostFluoresceneExcel" time="0.066"/>
  <system-out/>
  <testcase classname="admin.FluoresceneController" name="test02PostFluorescene" time="0.033"/>
  <system-out/>
</testsuite> <!-- admin.FluoresceneController -->
