<?xml version="1.0" encoding="UTF-8"?>
<!-- Generated by org.testng.reporters.JUnitReportReporter -->
<testsuite hostname="Samyak6-MainCabin" failures="0" tests="13" name="admin.LotDiamondBidController" time="0.000" errors="0" timestamp="2025-01-25T15:12:01 IST" skipped="13">
  <testcase classname="admin.LotDiamondBidController" name="test06LotDiamondLiveBids" time="0.000">
    <skipped/>
  </testcase> <!-- test06LotDiamondLiveBids -->
  <system-out/>
  <testcase classname="admin.LotDiamondBidController" name="test07LotDiamondFavourites" time="0.000">
    <skipped/>
  </testcase> <!-- test07LotDiamondFavourites -->
  <system-out/>
  <testcase classname="admin.LotDiamondBidController" name="test08LotDiamondGetWinBids" time="0.000">
    <skipped/>
  </testcase> <!-- test08LotDiamondGetWinBids -->
  <system-out/>
  <testcase classname="admin.LotDiamondBidController" name="test12GetLoseBids" time="0.000">
    <skipped/>
  </testcase> <!-- test12GetLoseBids -->
  <system-out/>
  <testcase classname="admin.LotDiamondBidController" name="test11GetMyBids" time="0.000">
    <skipped/>
  </testcase> <!-- test11GetMyBids -->
  <system-out/>
  <testcase classname="admin.LotDiamondBidController" name="test05LotDiamondLotId" time="0.000">
    <skipped/>
  </testcase> <!-- test05LotDiamondLotId -->
  <system-out/>
  <testcase classname="admin.LotDiamondBidController" name="test10GetMyBidStatusData" time="0.000">
    <skipped/>
  </testcase> <!-- test10GetMyBidStatusData -->
  <system-out/>
  <testcase classname="admin.LotDiamondBidController" name="test02LotDiamondSearch" time="0.000">
    <skipped/>
  </testcase> <!-- test02LotDiamondSearch -->
  <system-out/>
  <testcase classname="admin.LotDiamondBidController" name="test09LotDiamondGetMyStockData" time="0.000">
    <skipped/>
  </testcase> <!-- test09LotDiamondGetMyStockData -->
  <system-out/>
  <testcase classname="admin.LotDiamondBidController" name="test01LotDiamondNegotiation" time="0.000">
    <skipped/>
  </testcase> <!-- test01LotDiamondNegotiation -->
  <system-out/>
  <testcase classname="admin.LotDiamondBidController" name="test03LotDiamondSearchPage" time="0.000">
    <skipped/>
  </testcase> <!-- test03LotDiamondSearchPage -->
  <system-out/>
  <testcase classname="admin.LotDiamondBidController" name="test04LotDiamondRemark" time="0.000">
    <skipped/>
  </testcase> <!-- test04LotDiamondRemark -->
  <system-out/>
  <testcase classname="admin.LotDiamondBidController" name="test13GetAllWonBids">
    <skipped/>
  </testcase> <!-- test13GetAllWonBids -->
  <system-out/>
</testsuite> <!-- admin.LotDiamondBidController -->
