<?xml version="1.0" encoding="UTF-8"?>
<!-- Generated by org.testng.reporters.JUnitReportReporter -->
<testsuite hostname="Samyak6-MainCabin" failures="0" tests="3" name="admin.LotController" time="11.620" errors="0" timestamp="2025-01-30T10:12:01 IST" skipped="1">
  <testcase classname="admin.LotController" name="test01LotidAmount" time="0.032"/>
  <system-out/>
  <testcase classname="admin.LotController" name="test07BiddersPdf" time="11.588"/>
  <system-out/>
  <testcase classname="admin.LotController" name="test06DownloadLotExcel">
    <skipped/>
  </testcase> <!-- test06DownloadLotExcel -->
  <system-out/>
</testsuite> <!-- admin.LotController -->
