<?xml version="1.0" encoding="UTF-8"?>
<!-- Generated by org.testng.reporters.JUnitReportReporter -->
<testsuite hostname="Samyak6-MainCabin" failures="0" tests="4" name="admin.PolishController" time="0.232" errors="0" timestamp="2025-01-30T10:12:01 IST" skipped="0">
  <testcase classname="admin.PolishController" name="test03PolishExcel" time="0.060"/>
  <system-out/>
  <testcase classname="admin.PolishController" name="test01PolishPolishId" time="0.025"/>
  <system-out/>
  <testcase classname="admin.PolishController" name="test04Polishes" time="0.118"/>
  <system-out/>
  <testcase classname="admin.PolishController" name="test02Polish" time="0.029"/>
  <system-out/>
</testsuite> <!-- admin.PolishController -->
