<?xml version="1.0" encoding="UTF-8"?>
<!-- Generated by org.testng.reporters.JUnitReportReporter -->
<testsuite hostname="Samyak6-MainCabin" failures="0" tests="4" name="admin.ClarityController" time="0.244" errors="0" timestamp="2025-01-16T17:26:23 IST" skipped="0">
  <testcase classname="admin.ClarityController" name="test02PostClarity" time="0.029"/>
  <system-out/>
  <testcase classname="admin.ClarityController" name="test04GetClarities" time="0.099"/>
  <system-out/>
  <testcase classname="admin.ClarityController" name="test01PutClarityId" time="0.045"/>
  <system-out/>
  <testcase classname="admin.ClarityController" name="test03PostClarityExcel" time="0.071"/>
  <system-out/>
</testsuite> <!-- admin.ClarityController -->
