<?xml version="1.0" encoding="UTF-8"?>
<!-- Generated by org.testng.reporters.JUnitReportReporter -->
<testsuite hostname="Samyak6-MainCabin" failures="0" tests="2" name="admin.RemarkController" time="0.000" errors="0" timestamp="2025-01-25T15:12:01 IST" skipped="2">
  <testcase classname="admin.RemarkController" name="Test03RemarkCount" time="0.000">
    <skipped/>
  </testcase> <!-- Test03RemarkCount -->
  <system-out/>
  <testcase classname="admin.RemarkController" name="Test01Postremark" time="0.000">
    <skipped/>
  </testcase> <!-- Test01Postremark -->
  <system-out/>
</testsuite> <!-- admin.RemarkController -->
