<?xml version="1.0" encoding="UTF-8"?>
<!-- Generated by org.testng.reporters.JUnitReportReporter -->
<testsuite hostname="Samyak6-MainCabin" failures="0" tests="3" name="admin.CompanyController" time="0.000" errors="0" timestamp="2025-01-25T15:12:01 IST" skipped="3">
  <testcase classname="admin.CompanyController" name="test01PutCompnayId" time="0.000">
    <skipped/>
  </testcase> <!-- test01PutCompnayId -->
  <system-out/>
  <testcase classname="admin.CompanyController" name="test03PostCompany" time="0.000">
    <skipped/>
  </testcase> <!-- test03PostCompany -->
  <system-out/>
  <testcase classname="admin.CompanyController" name="tset02GetCompnay" time="0.000">
    <skipped/>
  </testcase> <!-- tset02GetCompnay -->
  <system-out/>
</testsuite> <!-- admin.CompanyController -->
