<?xml version="1.0" encoding="UTF-8"?>
<!-- Generated by org.testng.reporters.JUnitReportReporter -->
<testsuite hostname="Samyak6-MainCabin" failures="0" tests="4" name="admin.SymmetryController" time="0.261" errors="0" timestamp="2025-01-16T17:26:23 IST" skipped="0">
  <testcase classname="admin.SymmetryController" name="test03SymmetryExcel" time="0.072"/>
  <system-out/>
  <testcase classname="admin.SymmetryController" name="test01SymmetryId" time="0.032"/>
  <system-out/>
  <testcase classname="admin.SymmetryController" name="test04Symmetries" time="0.124"/>
  <system-out/>
  <testcase classname="admin.SymmetryController" name="test02Symmetry" time="0.033"/>
  <system-out/>
</testsuite> <!-- admin.SymmetryController -->
