<?xml version="1.0" encoding="UTF-8"?>
<!-- Generated by org.testng.reporters.JUnitReportReporter -->
<testsuite hostname="Samyak6-MainCabin" failures="0" tests="1" name="admin.FilterController" time="0.000" errors="0" timestamp="2025-01-25T15:12:01 IST" skipped="1">
  <testcase classname="admin.FilterController" name="test01GetFilter" time="0.000">
    <skipped/>
  </testcase> <!-- test01GetFilter -->
  <system-out/>
</testsuite> <!-- admin.FilterController -->
