<?xml version="1.0" encoding="UTF-8"?>
<!-- Generated by org.testng.reporters.JUnitReportReporter -->
<testsuite hostname="Samyak6-MainCabin" failures="0" tests="3" name="admin.LedgerController" time="0.000" errors="0" timestamp="2025-01-25T15:12:01 IST" skipped="3">
  <testcase classname="admin.LedgerController" name="test03Ledgers" time="0.000">
    <skipped/>
  </testcase> <!-- test03Ledgers -->
  <system-out/>
  <testcase classname="admin.LedgerController" name="test01LedgerLedgerId" time="0.000">
    <skipped/>
  </testcase> <!-- test01LedgerLedgerId -->
  <system-out/>
  <testcase classname="admin.LedgerController" name="test02Ledger" time="0.000">
    <skipped/>
  </testcase> <!-- test02Ledger -->
  <system-out/>
</testsuite> <!-- admin.LedgerController -->
