<?xml version="1.0" encoding="UTF-8"?>
<!-- Generated by org.testng.reporters.JUnitReportReporter -->
<testsuite hostname="Samyak6-MainCabin" failures="0" tests="3" name="admin.MailInvoiceLotDiamondController" time="55.844" errors="0" timestamp="2025-02-01T14:37:43 IST" skipped="0">
  <testcase classname="admin.MailInvoiceLotDiamondController" name="Test01PostSendmails" time="0.027"/>
  <system-out/>
  <testcase classname="admin.MailInvoiceLotDiamondController" name="Test02PostSendmailEmailIdAuctionID" time="0.031"/>
  <system-out/>
  <testcase classname="admin.MailInvoiceLotDiamondController" name="Test03PostSendMailsAllLots" time="55.786"/>
  <system-out/>
</testsuite> <!-- admin.MailInvoiceLotDiamondController -->
