<?xml version="1.0" encoding="UTF-8"?>
<!-- Generated by org.testng.reporters.JUnitReportReporter -->
<testsuite hostname="Samyak6-MainCabin" failures="0" tests="3" name="admin.DatabaseBackupController" time="0.075" errors="0" timestamp="2025-01-30T10:12:01 IST" skipped="1">
  <testcase classname="admin.DatabaseBackupController" name="test03GetBackupurl" time="0.050"/>
  <system-out/>
  <testcase classname="admin.DatabaseBackupController" name="test01PostStart" time="0.025"/>
  <system-out/>
  <testcase classname="admin.DatabaseBackupController" name="test02GetStatus">
    <skipped/>
  </testcase> <!-- test02GetStatus -->
  <system-out/>
</testsuite> <!-- admin.DatabaseBackupController -->
