<?xml version="1.0" encoding="UTF-8"?>
<!-- Generated by org.testng.reporters.JUnitReportReporter -->
<testsuite hostname="Samyak6-MainCabin" failures="0" tests="4" name="admin.CountryController" time="0.144" errors="0" timestamp="2025-01-21T17:06:09 IST" skipped="0">
  <testcase classname="admin.CountryController" name="test02PutCountryId" time="0.033"/>
  <system-out/>
  <testcase classname="admin.CountryController" name="test01GetCountryId" time="0.030"/>
  <system-out/>
  <testcase classname="admin.CountryController" name="test03PostCountry" time="0.041"/>
  <system-out/>
  <testcase classname="admin.CountryController" name="test04GetCountries" time="0.040"/>
  <system-out/>
</testsuite> <!-- admin.CountryController -->
