<?xml version="1.0" encoding="UTF-8"?>
<!-- Generated by org.testng.reporters.JUnitReportReporter -->
<testsuite hostname="Samyak6-MainCabin" failures="0" tests="3" name="admin.InvoiceListController" time="0.096" errors="0" timestamp="2025-02-01T14:37:43 IST" skipped="0">
  <testcase classname="admin.InvoiceListController" name="test02GetInvoiceList" time="0.029"/>
  <system-out/>
  <testcase classname="admin.InvoiceListController" name="test01GetPastInvoiceList" time="0.035"/>
  <system-out/>
  <testcase classname="admin.InvoiceListController" name="test03GetHoldInvoiceList" time="0.032"/>
  <system-out/>
</testsuite> <!-- admin.InvoiceListController -->
