<?xml version="1.0" encoding="UTF-8"?>
<!-- Generated by org.testng.reporters.JUnitReportReporter -->
<testsuite hostname="Samyak6-MainCabin" failures="0" tests="4" name="admin.LabController" time="0.000" errors="0" timestamp="2025-01-25T15:12:01 IST" skipped="4">
  <testcase classname="admin.LabController" name="Test04Labs" time="0.000">
    <skipped/>
  </testcase> <!-- Test04Labs -->
  <system-out/>
  <testcase classname="admin.LabController" name="Test02Lab" time="0.000">
    <skipped/>
  </testcase> <!-- Test02Lab -->
  <system-out/>
  <testcase classname="admin.LabController" name="Test03LabExcel" time="0.000">
    <skipped/>
  </testcase> <!-- Test03LabExcel -->
  <system-out/>
  <testcase classname="admin.LabController" name="Test01LabLabId" time="0.000">
    <skipped/>
  </testcase> <!-- Test01LabLabId -->
  <system-out/>
</testsuite> <!-- admin.LabController -->
