<?xml version="1.0" encoding="UTF-8"?>
<!-- Generated by org.testng.reporters.JUnitReportReporter -->
<testsuite hostname="Samyak6-MainCabin" failures="0" tests="1" name="admin.AutoBiddingController" time="0.452" errors="0" timestamp="2025-02-01T14:58:47 IST" skipped="0">
  <testcase classname="admin.AutoBiddingController" name="Test02PutAutoBidExcel" time="0.452"/>
  <system-out/>
</testsuite> <!-- admin.AutoBiddingController -->
