<?xml version="1.0" encoding="UTF-8"?>
<!-- Generated by org.testng.reporters.JUnitReportReporter -->
<testsuite hostname="Samyak6-MainCabin" failures="0" tests="10" name="admin.BidController" time="0.364" errors="0" timestamp="2025-01-30T10:12:01 IST" skipped="3">
  <testcase classname="admin.BidController" name="Test11GetAllCounts" time="0.030"/>
  <system-out/>
  <testcase classname="admin.BidController" name="Test04GetBiddersInfo" time="0.107"/>
  <system-out/>
  <testcase classname="admin.BidController" name="Test13GetBidDelete" time="0.028"/>
  <system-out/>
  <testcase classname="admin.BidController" name="Test02PutBidUpdateJewellery" time="0.027"/>
  <system-out/>
  <testcase classname="admin.BidController" name="Test01PutBidUpdate" time="0.025"/>
  <system-out/>
  <testcase classname="admin.BidController" name="Test03PostMakeWinners" time="0.034"/>
  <system-out/>
  <testcase classname="admin.BidController" name="Test12GetBidHistory" time="0.113"/>
  <system-out/>
  <testcase classname="admin.BidController" name="Test08GetMyBid">
    <skipped/>
  </testcase> <!-- Test08GetMyBid -->
  <system-out/>
  <testcase classname="admin.BidController" name="Test06GetBidCount">
    <skipped/>
  </testcase> <!-- Test06GetBidCount -->
  <system-out/>
  <testcase classname="admin.BidController" name="Test09GetLoseCount">
    <skipped/>
  </testcase> <!-- Test09GetLoseCount -->
  <system-out/>
</testsuite> <!-- admin.BidController -->
