<?xml version="1.0" encoding="UTF-8"?>
<!-- Generated by org.testng.reporters.JUnitReportReporter -->
<testsuite hostname="Samyak6-MainCabin" failures="0" tests="3" name="admin.LotController" time="0.000" errors="0" timestamp="2025-01-25T15:12:01 IST" skipped="3">
  <testcase classname="admin.LotController" name="test07BiddersPdf" time="0.000">
    <skipped/>
  </testcase> <!-- test07BiddersPdf -->
  <system-out/>
  <testcase classname="admin.LotController" name="test01LotidAmount" time="0.000">
    <skipped/>
  </testcase> <!-- test01LotidAmount -->
  <system-out/>
  <testcase classname="admin.LotController" name="test06DownloadLotExcel" time="0.000">
    <skipped/>
  </testcase> <!-- test06DownloadLotExcel -->
  <system-out/>
</testsuite> <!-- admin.LotController -->
