<?xml version="1.0" encoding="UTF-8"?>
<!-- Generated by org.testng.reporters.JUnitReportReporter -->
<testsuite hostname="Samyak6-MainCabin" failures="0" tests="2" name="admin.AuthenticationController" time="0.190" errors="0" timestamp="2025-01-16T17:26:23 IST" skipped="0">
  <testcase classname="admin.AuthenticationController" name="test01AuthRegister" time="0.122"/>
  <system-out/>
  <testcase classname="admin.AuthenticationController" name="test02AuthRegisterAll" time="0.068"/>
  <system-out/>
</testsuite> <!-- admin.AuthenticationController -->
