<?xml version="1.0" encoding="UTF-8"?>
<!-- Generated by org.testng.reporters.JUnitReportReporter -->
<testsuite hostname="Samyak6-MainCabin" failures="0" tests="4" name="admin.ImageController" time="3.327" errors="0" timestamp="2025-01-30T10:12:01 IST" skipped="0">
  <testcase classname="admin.ImageController" name="Test03GetFetchImages" time="1.441"/>
  <system-out/>
  <testcase classname="admin.ImageController" name="Test01GetTopbarLogo" time="0.351"/>
  <system-out/>
  <testcase classname="admin.ImageController" name="Test02GetImages" time="1.171"/>
  <system-out/>
  <testcase classname="admin.ImageController" name="Test04GetBulkBidThumbnailLogo" time="0.364"/>
  <system-out/>
</testsuite> <!-- admin.ImageController -->
