<?xml version="1.0" encoding="UTF-8"?>
<!-- Generated by org.testng.reporters.JUnitReportReporter -->
<testsuite hostname="Samyak6-MainCabin" failures="0" tests="3" name="admin.MailInvoiceLotDiamondController" time="0.000" errors="0" timestamp="2025-01-25T15:12:01 IST" skipped="3">
  <testcase classname="admin.MailInvoiceLotDiamondController" name="Test01PostSendmails" time="0.000">
    <skipped/>
  </testcase> <!-- Test01PostSendmails -->
  <system-out/>
  <testcase classname="admin.MailInvoiceLotDiamondController" name="Test02PostSendmailEmailIdAuctionID" time="0.000">
    <skipped/>
  </testcase> <!-- Test02PostSendmailEmailIdAuctionID -->
  <system-out/>
  <testcase classname="admin.MailInvoiceLotDiamondController" name="Test03PostSendMailsAllLots" time="0.000">
    <skipped/>
  </testcase> <!-- Test03PostSendMailsAllLots -->
  <system-out/>
</testsuite> <!-- admin.MailInvoiceLotDiamondController -->
