<?xml version="1.0" encoding="UTF-8"?>
<!-- Generated by org.testng.reporters.JUnitReportReporter -->
<testsuite hostname="Samyak6-MainCabin" failures="0" tests="4" name="admin.SymmetryController" time="0.402" errors="0" timestamp="2025-01-21T17:06:09 IST" skipped="0">
  <testcase classname="admin.SymmetryController" name="test02Symmetry" time="0.045"/>
  <system-out/>
  <testcase classname="admin.SymmetryController" name="test01SymmetryId" time="0.059"/>
  <system-out/>
  <testcase classname="admin.SymmetryController" name="test03SymmetryExcel" time="0.146"/>
  <system-out/>
  <testcase classname="admin.SymmetryController" name="test04Symmetries" time="0.152"/>
  <system-out/>
</testsuite> <!-- admin.SymmetryController -->
