<?xml version="1.0" encoding="UTF-8"?>
<!-- Generated by org.testng.reporters.JUnitReportReporter -->
<testsuite hostname="Samyak6-MainCabin" failures="0" tests="13" name="admin.LotDiamondBidController" time="0.884" errors="0" timestamp="2025-02-01T14:37:43 IST" skipped="1">
  <testcase classname="admin.LotDiamondBidController" name="test02LotDiamondSearch" time="0.101"/>
  <system-out/>
  <testcase classname="admin.LotDiamondBidController" name="test10GetMyBidStatusData" time="0.074"/>
  <system-out/>
  <testcase classname="admin.LotDiamondBidController" name="test06LotDiamondLiveBids" time="0.036"/>
  <system-out/>
  <testcase classname="admin.LotDiamondBidController" name="test01LotDiamondNegotiation" time="0.030"/>
  <system-out/>
  <testcase classname="admin.LotDiamondBidController" name="test07LotDiamondFavourites" time="0.067"/>
  <system-out/>
  <testcase classname="admin.LotDiamondBidController" name="test03LotDiamondSearchPage" time="0.080"/>
  <system-out/>
  <testcase classname="admin.LotDiamondBidController" name="test11GetMyBids" time="0.077"/>
  <system-out/>
  <testcase classname="admin.LotDiamondBidController" name="test08LotDiamondGetWinBids" time="0.064"/>
  <system-out/>
  <testcase classname="admin.LotDiamondBidController" name="test12GetLoseBids" time="0.074"/>
  <system-out/>
  <testcase classname="admin.LotDiamondBidController" name="test09LotDiamondGetMyStockData" time="0.104"/>
  <system-out/>
  <testcase classname="admin.LotDiamondBidController" name="test05LotDiamondLotId" time="0.090"/>
  <system-out/>
  <testcase classname="admin.LotDiamondBidController" name="test04LotDiamondRemark" time="0.087"/>
  <system-out/>
  <testcase classname="admin.LotDiamondBidController" name="test13GetAllWonBids">
    <skipped/>
  </testcase> <!-- test13GetAllWonBids -->
  <system-out/>
</testsuite> <!-- admin.LotDiamondBidController -->
