<?xml version="1.0" encoding="UTF-8"?>
<!-- Generated by org.testng.reporters.JUnitReportReporter -->
<testsuite hostname="Samyak6-MainCabin" failures="0" tests="5" name="admin.BrandController" time="0.000" errors="0" timestamp="2025-01-25T15:12:01 IST" skipped="5">
  <testcase classname="admin.BrandController" name="test01PutBrand" time="0.000">
    <skipped/>
  </testcase> <!-- test01PutBrand -->
  <system-out/>
  <testcase classname="admin.BrandController" name="test03PostBrand" time="0.000">
    <skipped/>
  </testcase> <!-- test03PostBrand -->
  <system-out/>
  <testcase classname="admin.BrandController" name="test05GetBrands" time="0.000">
    <skipped/>
  </testcase> <!-- test05GetBrands -->
  <system-out/>
  <testcase classname="admin.BrandController" name="test02GetBrand" time="0.000">
    <skipped/>
  </testcase> <!-- test02GetBrand -->
  <system-out/>
  <testcase classname="admin.BrandController" name="test04PostBrandExcel">
    <skipped/>
  </testcase> <!-- test04PostBrandExcel -->
  <system-out/>
</testsuite> <!-- admin.BrandController -->
