<?xml version="1.0" encoding="UTF-8"?>
<!-- Generated by org.testng.reporters.JUnitReportReporter -->
<testsuite hostname="Samyak6-MainCabin" failures="0" tests="1" name="admin.FilterController" time="0.762" errors="0" timestamp="2025-01-16T17:26:23 IST" skipped="0">
  <testcase classname="admin.FilterController" name="test01GetFilter" time="0.762"/>
  <system-out/>
</testsuite> <!-- admin.FilterController -->
