<?xml version="1.0" encoding="UTF-8"?>
<!-- Generated by org.testng.reporters.JUnitReportReporter -->
<testsuite hostname="Samyak6-MainCabin" failures="0" tests="4" name="admin.SymmetryController" time="0.000" errors="0" timestamp="2025-01-25T15:12:01 IST" skipped="4">
  <testcase classname="admin.SymmetryController" name="test02Symmetry" time="0.000">
    <skipped/>
  </testcase> <!-- test02Symmetry -->
  <system-out/>
  <testcase classname="admin.SymmetryController" name="test01SymmetryId" time="0.000">
    <skipped/>
  </testcase> <!-- test01SymmetryId -->
  <system-out/>
  <testcase classname="admin.SymmetryController" name="test04Symmetries" time="0.000">
    <skipped/>
  </testcase> <!-- test04Symmetries -->
  <system-out/>
  <testcase classname="admin.SymmetryController" name="test03SymmetryExcel" time="0.000">
    <skipped/>
  </testcase> <!-- test03SymmetryExcel -->
  <system-out/>
</testsuite> <!-- admin.SymmetryController -->
