<?xml version="1.0" encoding="UTF-8"?>
<!-- Generated by org.testng.reporters.JUnitReportReporter -->
<testsuite hostname="Samyak6-MainCabin" failures="0" tests="3" name="admin.UserControllerMerged" time="0.000" errors="0" timestamp="2025-01-25T15:12:01 IST" skipped="3">
  <testcase classname="admin.UserControllerMerged" name="Test01GetUserSummary" time="0.000">
    <skipped/>
  </testcase> <!-- Test01GetUserSummary -->
  <system-out/>
  <testcase classname="admin.UserControllerMerged" name="Test02GetUserRole" time="0.000">
    <skipped/>
  </testcase> <!-- Test02GetUserRole -->
  <system-out/>
  <testcase classname="admin.UserControllerMerged" name="Test03GetUserAccountSummary" time="0.000">
    <skipped/>
  </testcase> <!-- Test03GetUserAccountSummary -->
  <system-out/>
</testsuite> <!-- admin.UserControllerMerged -->
