<?xml version="1.0" encoding="UTF-8"?>
<!-- Generated by org.testng.reporters.JUnitReportReporter -->
<testsuite hostname="Samyak6-MainCabin" failures="0" tests="5" name="admin.BrandController" time="0.152" errors="0" timestamp="2025-01-30T10:12:01 IST" skipped="1">
  <testcase classname="admin.BrandController" name="test01PutBrand" time="0.025"/>
  <system-out/>
  <testcase classname="admin.BrandController" name="test05GetBrands" time="0.029"/>
  <system-out/>
  <testcase classname="admin.BrandController" name="test02GetBrand" time="0.070"/>
  <system-out/>
  <testcase classname="admin.BrandController" name="test03PostBrand" time="0.028"/>
  <system-out/>
  <testcase classname="admin.BrandController" name="test04PostBrandExcel">
    <skipped/>
  </testcase> <!-- test04PostBrandExcel -->
  <system-out/>
</testsuite> <!-- admin.BrandController -->
