<?xml version="1.0" encoding="UTF-8"?>
<!-- Generated by org.testng.reporters.JUnitReportReporter -->
<testsuite hostname="Samyak6-MainCabin" failures="0" tests="3" name="admin.LedgerController" time="0.114" errors="0" timestamp="2025-02-01T14:37:43 IST" skipped="0">
  <testcase classname="admin.LedgerController" name="test01LedgerLedgerId" time="0.032"/>
  <system-out/>
  <testcase classname="admin.LedgerController" name="test03Ledgers" time="0.042"/>
  <system-out/>
  <testcase classname="admin.LedgerController" name="test02Ledger" time="0.040"/>
  <system-out/>
</testsuite> <!-- admin.LedgerController -->
