<?xml version="1.0" encoding="UTF-8"?>
<!-- Generated by org.testng.reporters.JUnitReportReporter -->
<testsuite hostname="Samyak6-MainCabin" failures="0" tests="1" name="admin.BidController" time="0.208" errors="0" timestamp="2025-01-17T16:43:22 IST" skipped="0">
  <testcase classname="admin.BidController" name="Test12GetBidHistory" time="0.208"/>
  <system-out/>
</testsuite> <!-- admin.BidController -->
