<?xml version="1.0" encoding="UTF-8"?>
<!-- Generated by org.testng.reporters.JUnitReportReporter -->
<testsuite hostname="Samyak6-MainCabin" failures="0" tests="4" name="admin.PolishController" time="0.262" errors="0" timestamp="2025-01-16T17:26:23 IST" skipped="0">
  <testcase classname="admin.PolishController" name="test01PolishPolishId" time="0.046"/>
  <system-out/>
  <testcase classname="admin.PolishController" name="test04Polishes" time="0.092"/>
  <system-out/>
  <testcase classname="admin.PolishController" name="test02Polish" time="0.035"/>
  <system-out/>
  <testcase classname="admin.PolishController" name="test03PolishExcel" time="0.089"/>
  <system-out/>
</testsuite> <!-- admin.PolishController -->
