<?xml version="1.0" encoding="UTF-8"?>
<!-- Generated by org.testng.reporters.JUnitReportReporter -->
<testsuite hostname="Samyak6-MainCabin" failures="0" tests="4" name="admin.PolishController" time="0.000" errors="0" timestamp="2025-01-25T15:12:01 IST" skipped="4">
  <testcase classname="admin.PolishController" name="test02Polish" time="0.000">
    <skipped/>
  </testcase> <!-- test02Polish -->
  <system-out/>
  <testcase classname="admin.PolishController" name="test03PolishExcel" time="0.000">
    <skipped/>
  </testcase> <!-- test03PolishExcel -->
  <system-out/>
  <testcase classname="admin.PolishController" name="test04Polishes" time="0.000">
    <skipped/>
  </testcase> <!-- test04Polishes -->
  <system-out/>
  <testcase classname="admin.PolishController" name="test01PolishPolishId" time="0.000">
    <skipped/>
  </testcase> <!-- test01PolishPolishId -->
  <system-out/>
</testsuite> <!-- admin.PolishController -->
