<?xml version="1.0" encoding="UTF-8"?>
<!-- Generated by org.testng.reporters.JUnitReportReporter -->
<testsuite hostname="Samyak6-MainCabin" failures="0" tests="2" name="admin.rapaportController" time="0.000" errors="0" timestamp="2025-01-25T15:12:01 IST" skipped="2">
  <testcase classname="admin.rapaportController" name="Test02rapaports" time="0.000">
    <skipped/>
  </testcase> <!-- Test02rapaports -->
  <system-out/>
  <testcase classname="admin.rapaportController" name="Test01LotDiamondrapPrice" time="0.000">
    <skipped/>
  </testcase> <!-- Test01LotDiamondrapPrice -->
  <system-out/>
</testsuite> <!-- admin.rapaportController -->
