<?xml version="1.0" encoding="UTF-8"?>
<!-- Generated by org.testng.reporters.JUnitReportReporter -->
<testsuite hostname="Samyak6-MainCabin" failures="0" tests="2" name="admin.AuthenticationController" time="0.000" errors="0" timestamp="2025-01-25T15:12:01 IST" skipped="2">
  <testcase classname="admin.AuthenticationController" name="test01AuthRegister" time="0.000">
    <skipped/>
  </testcase> <!-- test01AuthRegister -->
  <system-out/>
  <testcase classname="admin.AuthenticationController" name="test02AuthRegisterAll" time="0.000">
    <skipped/>
  </testcase> <!-- test02AuthRegisterAll -->
  <system-out/>
</testsuite> <!-- admin.AuthenticationController -->
