<?xml version="1.0" encoding="UTF-8"?>
<!-- Generated by org.testng.reporters.JUnitReportReporter -->
<testsuite hostname="Samyak6-MainCabin" failures="0" tests="4" name="admin.ClarityController" time="0.247" errors="0" timestamp="2025-01-21T17:06:09 IST" skipped="0">
  <testcase classname="admin.ClarityController" name="test04GetClarities" time="0.104"/>
  <system-out/>
  <testcase classname="admin.ClarityController" name="test01PutClarityId" time="0.045"/>
  <system-out/>
  <testcase classname="admin.ClarityController" name="test02PostClarity" time="0.035"/>
  <system-out/>
  <testcase classname="admin.ClarityController" name="test03PostClarityExcel" time="0.063"/>
  <system-out/>
</testsuite> <!-- admin.ClarityController -->
