<?xml version="1.0" encoding="UTF-8"?>
<!-- Generated by org.testng.reporters.JUnitReportReporter -->
<testsuite hostname="Samyak6-MainCabin" failures="0" tests="2" name="admin.rapaportController" time="8.290" errors="0" timestamp="2025-01-21T17:06:09 IST" skipped="0">
  <testcase classname="admin.rapaportController" name="Test01LotDiamondrapPrice" time="0.031"/>
  <system-out/>
  <testcase classname="admin.rapaportController" name="Test02rapaports" time="8.259"/>
  <system-out/>
</testsuite> <!-- admin.rapaportController -->
