<?xml version="1.0" encoding="UTF-8"?>
<!-- Generated by org.testng.reporters.JUnitReportReporter -->
<testsuite hostname="Samyak6-MainCabin" failures="0" tests="4" name="admin.ShapeController" time="0.000" errors="0" timestamp="2025-01-25T15:12:01 IST" skipped="4">
  <testcase classname="admin.ShapeController" name="testcreateSymmetry03" time="0.000">
    <skipped/>
  </testcase> <!-- testcreateSymmetry03 -->
  <system-out/>
  <testcase classname="admin.ShapeController" name="testcreateSymmetry02" time="0.000">
    <skipped/>
  </testcase> <!-- testcreateSymmetry02 -->
  <system-out/>
  <testcase classname="admin.ShapeController" name="testcreateSymmetry04" time="0.000">
    <skipped/>
  </testcase> <!-- testcreateSymmetry04 -->
  <system-out/>
  <testcase classname="admin.ShapeController" name="testcreateSymmetry01" time="0.000">
    <skipped/>
  </testcase> <!-- testcreateSymmetry01 -->
  <system-out/>
</testsuite> <!-- admin.ShapeController -->
