<?xml version="1.0" encoding="UTF-8"?>
<!-- Generated by org.testng.reporters.JUnitReportReporter -->
<testsuite hostname="Samyak6-MainCabin" failures="0" tests="4" name="admin.ClarityController" time="0.000" errors="0" timestamp="2025-01-25T15:12:01 IST" skipped="4">
  <testcase classname="admin.ClarityController" name="test04GetClarities" time="0.000">
    <skipped/>
  </testcase> <!-- test04GetClarities -->
  <system-out/>
  <testcase classname="admin.ClarityController" name="test01PutClarityId" time="0.000">
    <skipped/>
  </testcase> <!-- test01PutClarityId -->
  <system-out/>
  <testcase classname="admin.ClarityController" name="test02PostClarity" time="0.000">
    <skipped/>
  </testcase> <!-- test02PostClarity -->
  <system-out/>
  <testcase classname="admin.ClarityController" name="test03PostClarityExcel" time="0.000">
    <skipped/>
  </testcase> <!-- test03PostClarityExcel -->
  <system-out/>
</testsuite> <!-- admin.ClarityController -->
