<?xml version="1.0" encoding="UTF-8"?>
<!-- Generated by org.testng.reporters.JUnitReportReporter -->
<testsuite hostname="Samyak6-MainCabin" failures="0" tests="4" name="admin.BidderSupplierSummaryController" time="0.000" errors="0" timestamp="2025-01-25T15:12:01 IST" skipped="4">
  <testcase classname="admin.BidderSupplierSummaryController" name="test03GetDetailedBidderSummary" time="0.000">
    <skipped/>
  </testcase> <!-- test03GetDetailedBidderSummary -->
  <system-out/>
  <testcase classname="admin.BidderSupplierSummaryController" name="test02GetDetailedSupplierSummary" time="0.000">
    <skipped/>
  </testcase> <!-- test02GetDetailedSupplierSummary -->
  <system-out/>
  <testcase classname="admin.BidderSupplierSummaryController" name="test04GetBiddersSummary" time="0.000">
    <skipped/>
  </testcase> <!-- test04GetBiddersSummary -->
  <system-out/>
  <testcase classname="admin.BidderSupplierSummaryController" name="test01GetSupplierSummary" time="0.000">
    <skipped/>
  </testcase> <!-- test01GetSupplierSummary -->
  <system-out/>
</testsuite> <!-- admin.BidderSupplierSummaryController -->
