<?xml version="1.0" encoding="UTF-8"?>
<!-- Generated by org.testng.reporters.JUnitReportReporter -->
<testsuite hostname="Samyak6-MainCabin" failures="0" tests="6" name="admin.LotDiamondController" time="0.321" errors="0" timestamp="2025-02-01T14:37:43 IST" skipped="0">
  <testcase classname="admin.LotDiamondController" name="Test07LotDiamondsAuctionId" time="0.039"/>
  <system-out/>
  <testcase classname="admin.LotDiamondController" name="Test05LotDiamonds" time="0.037"/>
  <system-out/>
  <testcase classname="admin.LotDiamondController" name="Test01LotActiveAll" time="0.038"/>
  <system-out/>
  <testcase classname="admin.LotDiamondController" name="Test09otDiamondsPrevious" time="0.035"/>
  <system-out/>
  <testcase classname="admin.LotDiamondController" name="Test08LotDIamondssupplierLots" time="0.141"/>
  <system-out/>
  <testcase classname="admin.LotDiamondController" name="Test03LotDiamondAuctionId" time="0.031"/>
  <system-out/>
</testsuite> <!-- admin.LotDiamondController -->
