<?xml version="1.0" encoding="UTF-8"?>
<!-- Generated by org.testng.reporters.JUnitReportReporter -->
<testsuite hostname="Samyak6-MainCabin" failures="0" tests="4" name="admin.ShapeController" time="0.315" errors="0" timestamp="2025-01-21T17:06:09 IST" skipped="0">
  <testcase classname="admin.ShapeController" name="testcreateSymmetry02" time="0.033"/>
  <system-out/>
  <testcase classname="admin.ShapeController" name="testcreateSymmetry01" time="0.033"/>
  <system-out/>
  <testcase classname="admin.ShapeController" name="testcreateSymmetry04" time="0.167"/>
  <system-out/>
  <testcase classname="admin.ShapeController" name="testcreateSymmetry03" time="0.082"/>
  <system-out/>
</testsuite> <!-- admin.ShapeController -->
