<?xml version="1.0" encoding="UTF-8"?>
<!-- Generated by org.testng.reporters.JUnitReportReporter -->
<testsuite hostname="Samyak6-MainCabin" failures="0" tests="3" name="admin.ReservationTransactionController" time="0.000" errors="0" timestamp="2025-01-25T15:12:01 IST" skipped="3">
  <testcase classname="admin.ReservationTransactionController" name="test03GetReservationAuctionIdUserId" time="0.000">
    <skipped/>
  </testcase> <!-- test03GetReservationAuctionIdUserId -->
  <system-out/>
  <testcase classname="admin.ReservationTransactionController" name="test04GetReservationAll" time="0.000">
    <skipped/>
  </testcase> <!-- test04GetReservationAll -->
  <system-out/>
  <testcase classname="admin.ReservationTransactionController" name="test01PostCreateReservation" time="0.000">
    <skipped/>
  </testcase> <!-- test01PostCreateReservation -->
  <system-out/>
</testsuite> <!-- admin.ReservationTransactionController -->
