<?xml version="1.0" encoding="UTF-8"?>
<!-- Generated by org.testng.reporters.JUnitReportReporter -->
<testsuite hostname="Samyak6-MainCabin" failures="0" tests="4" name="admin.CountryController" time="0.152" errors="0" timestamp="2025-02-01T14:37:43 IST" skipped="0">
  <testcase classname="admin.CountryController" name="test04GetCountries" time="0.038"/>
  <system-out/>
  <testcase classname="admin.CountryController" name="test01GetCountryId" time="0.031"/>
  <system-out/>
  <testcase classname="admin.CountryController" name="test02PutCountryId" time="0.035"/>
  <system-out/>
  <testcase classname="admin.CountryController" name="test03PostCountry" time="0.048"/>
  <system-out/>
</testsuite> <!-- admin.CountryController -->
