<?xml version="1.0" encoding="UTF-8"?>
<!-- Generated by org.testng.reporters.JUnitReportReporter -->
<testsuite hostname="Samyak6-MainCabin" failures="0" tests="18" name="admin.AuctionController" time="1.029" errors="0" timestamp="2025-01-21T17:06:09 IST" skipped="0">
  <testcase classname="admin.AuctionController" name="test07GetAuctionView" time="0.041"/>
  <system-out/>
  <testcase classname="admin.AuctionController" name="test12GetAuctionsInactive" time="0.051"/>
  <system-out/>
  <testcase classname="admin.AuctionController" name="test09GetAuctionsUpcomingJewellery" time="0.050"/>
  <system-out/>
  <testcase classname="admin.AuctionController" name="test17GetAuctionsDiamond" time="0.040"/>
  <system-out/>
  <testcase classname="admin.AuctionController" name="test10GetAuctionsUpcomingDiamond" time="0.046"/>
  <system-out/>
  <testcase classname="admin.AuctionController" name="test06GetAuctions" time="0.143"/>
  <system-out/>
  <testcase classname="admin.AuctionController" name="test14GetSAuctionFinishedDiamond" time="0.046"/>
  <system-out/>
  <testcase classname="admin.AuctionController" name="test08GetAuctionsUpcoming" time="0.086"/>
  <system-out/>
  <testcase classname="admin.AuctionController" name="test18GetAuctionByActive" time="0.046"/>
  <system-out/>
  <testcase classname="admin.AuctionController" name="test16GetAuctionsEvents" time="0.054"/>
  <system-out/>
  <testcase classname="admin.AuctionController" name="test04PostAuctionSupplierUpdateEmails" time="0.053"/>
  <system-out/>
  <testcase classname="admin.AuctionController" name="test13GetAuctionsFinishedJewellery" time="0.052"/>
  <system-out/>
  <testcase classname="admin.AuctionController" name="test15GetAuctionsFinishedAndEndDiamond" time="0.047"/>
  <system-out/>
  <testcase classname="admin.AuctionController" name="test03PostAuction" time="0.056"/>
  <system-out/>
  <testcase classname="admin.AuctionController" name="test11GetAuctionsJewellery" time="0.048"/>
  <system-out/>
  <testcase classname="admin.AuctionController" name="test05PostAuctionSentEmails" time="0.050"/>
  <system-out/>
  <testcase classname="admin.AuctionController" name="test01PutAuctionId" time="0.069"/>
  <system-out/>
  <testcase classname="admin.AuctionController" name="test02DeleteAuctionId" time="0.051"/>
  <system-out/>
</testsuite> <!-- admin.AuctionController -->
