<?xml version="1.0" encoding="UTF-8"?>
<!-- Generated by org.testng.reporters.JUnitReportReporter -->
<testsuite hostname="Samyak6-MainCabin" failures="0" tests="1" name="admin.FilterController" time="0.798" errors="0" timestamp="2025-01-21T17:06:09 IST" skipped="0">
  <testcase classname="admin.FilterController" name="test01GetFilter" time="0.798"/>
  <system-out/>
</testsuite> <!-- admin.FilterController -->
