<?xml version="1.0" encoding="UTF-8"?>
<!-- Generated by org.testng.reporters.JUnitReportReporter -->
<testsuite hostname="Samyak6-MainCabin" failures="0" tests="3" name="admin.UserControllerMerged" time="3.520" errors="0" timestamp="2025-01-21T17:06:09 IST" skipped="0">
  <testcase classname="admin.UserControllerMerged" name="Test01GetUserSummary" time="1.939"/>
  <system-out/>
  <testcase classname="admin.UserControllerMerged" name="Test03GetUserAccountSummary" time="1.548"/>
  <system-out/>
  <testcase classname="admin.UserControllerMerged" name="Test02GetUserRole" time="0.033"/>
  <system-out/>
</testsuite> <!-- admin.UserControllerMerged -->
