<?xml version="1.0" encoding="UTF-8"?>
<!-- Generated by org.testng.reporters.JUnitReportReporter -->
<testsuite hostname="Samyak6-MainCabin" failures="0" tests="4" name="admin.ImageController" time="0.000" errors="0" timestamp="2025-01-25T15:12:01 IST" skipped="4">
  <testcase classname="admin.ImageController" name="Test02GetImages" time="0.000">
    <skipped/>
  </testcase> <!-- Test02GetImages -->
  <system-out/>
  <testcase classname="admin.ImageController" name="Test04GetBulkBidThumbnailLogo" time="0.000">
    <skipped/>
  </testcase> <!-- Test04GetBulkBidThumbnailLogo -->
  <system-out/>
  <testcase classname="admin.ImageController" name="Test01GetTopbarLogo" time="0.000">
    <skipped/>
  </testcase> <!-- Test01GetTopbarLogo -->
  <system-out/>
  <testcase classname="admin.ImageController" name="Test03GetFetchImages" time="0.000">
    <skipped/>
  </testcase> <!-- Test03GetFetchImages -->
  <system-out/>
</testsuite> <!-- admin.ImageController -->
