<?xml version="1.0" encoding="UTF-8"?>
<!-- Generated by org.testng.reporters.JUnitReportReporter -->
<testsuite hostname="Samyak6-MainCabin" failures="0" tests="3" name="admin.RemarkController" time="0.057" errors="0" timestamp="2025-01-30T10:12:01 IST" skipped="1">
  <testcase classname="admin.RemarkController" name="Test03RemarkDelete" time="0.029"/>
  <system-out/>
  <testcase classname="admin.RemarkController" name="Test01RemarkCreate" time="0.028"/>
  <system-out/>
  <testcase classname="admin.RemarkController" name="Test02RemarkCount">
    <skipped/>
  </testcase> <!-- Test02RemarkCount -->
  <system-out/>
</testsuite> <!-- admin.RemarkController -->
