<?xml version="1.0" encoding="UTF-8"?>
<!-- Generated by org.testng.reporters.JUnitReportReporter -->
<testsuite hostname="Samyak6-MainCabin" failures="0" tests="18" name="admin.AuctionController" time="1.710" errors="0" timestamp="2025-01-30T10:12:01 IST" skipped="0">
  <testcase classname="admin.AuctionController" name="test13GetAuctionsFinishedJewellery" time="0.031"/>
  <system-out/>
  <testcase classname="admin.AuctionController" name="test11GetAuctionsJewellery" time="0.035"/>
  <system-out/>
  <testcase classname="admin.AuctionController" name="test06GetAuctions" time="1.040"/>
  <system-out/>
  <testcase classname="admin.AuctionController" name="test09GetAuctionsUpcomingJewellery" time="0.032"/>
  <system-out/>
  <testcase classname="admin.AuctionController" name="test07GetAuctionView" time="0.035"/>
  <system-out/>
  <testcase classname="admin.AuctionController" name="test17GetAuctionsDiamond" time="0.030"/>
  <system-out/>
  <testcase classname="admin.AuctionController" name="test14GetSAuctionFinishedDiamond" time="0.027"/>
  <system-out/>
  <testcase classname="admin.AuctionController" name="test08GetAuctionsUpcoming" time="0.074"/>
  <system-out/>
  <testcase classname="admin.AuctionController" name="test15GetAuctionsFinishedAndEndDiamond" time="0.027"/>
  <system-out/>
  <testcase classname="admin.AuctionController" name="test18GetAuctionByActive" time="0.029"/>
  <system-out/>
  <testcase classname="admin.AuctionController" name="test03PostAuction" time="0.044"/>
  <system-out/>
  <testcase classname="admin.AuctionController" name="test04PostAuctionSupplierUpdateEmails" time="0.050"/>
  <system-out/>
  <testcase classname="admin.AuctionController" name="test10GetAuctionsUpcomingDiamond" time="0.034"/>
  <system-out/>
  <testcase classname="admin.AuctionController" name="test05PostAuctionSentEmails" time="0.076"/>
  <system-out/>
  <testcase classname="admin.AuctionController" name="test16GetAuctionsEvents" time="0.029"/>
  <system-out/>
  <testcase classname="admin.AuctionController" name="test12GetAuctionsInactive" time="0.039"/>
  <system-out/>
  <testcase classname="admin.AuctionController" name="test02DeleteAuctionId" time="0.043"/>
  <system-out/>
  <testcase classname="admin.AuctionController" name="test01PutAuctionId" time="0.035"/>
  <system-out/>
</testsuite> <!-- admin.AuctionController -->
