<?xml version="1.0" encoding="UTF-8"?>
<!-- Generated by org.testng.reporters.JUnitReportReporter -->
<testsuite hostname="Samyak6-MainCabin" failures="0" tests="1" name="admin.LotController" time="1.459" errors="0" timestamp="2025-01-17T17:00:58 IST" skipped="0">
  <testcase classname="admin.LotController" name="test07BiddersPdf" time="1.459"/>
  <system-out/>
</testsuite> <!-- admin.LotController -->
