<?xml version="1.0" encoding="UTF-8"?>
<!-- Generated by org.testng.reporters.JUnitReportReporter -->
<testsuite hostname="Samyak6-MainCabin" failures="0" tests="5" name="admin.InvoiceDetailsController" time="0.267" errors="0" timestamp="2025-01-30T10:12:01 IST" skipped="0">
  <testcase classname="admin.InvoiceDetailsController" name="test01UserIdAuctionId" time="0.029"/>
  <system-out/>
  <testcase classname="admin.InvoiceDetailsController" name="test05invoideDetailsAll" time="0.026"/>
  <system-out/>
  <testcase classname="admin.InvoiceDetailsController" name="test02InvoiceDetails" time="0.030"/>
  <system-out/>
  <testcase classname="admin.InvoiceDetailsController" name="test03InvoiceDetailsAllAuctionId" time="0.157"/>
  <system-out/>
  <testcase classname="admin.InvoiceDetailsController" name="test04InvoiceDetailUserIdAuctionId" time="0.025"/>
  <system-out/>
</testsuite> <!-- admin.InvoiceDetailsController -->
