<?xml version="1.0" encoding="UTF-8"?>
<!-- Generated by org.testng.reporters.JUnitReportReporter -->
<testsuite hostname="Samyak6-MainCabin" failures="0" tests="3" name="admin.UserControllerMerged" time="3.174" errors="0" timestamp="2025-01-30T10:12:01 IST" skipped="0">
  <testcase classname="admin.UserControllerMerged" name="Test02GetUserRole" time="0.037"/>
  <system-out/>
  <testcase classname="admin.UserControllerMerged" name="Test03GetUserAccountSummary" time="1.489"/>
  <system-out/>
  <testcase classname="admin.UserControllerMerged" name="Test01GetUserSummary" time="1.648"/>
  <system-out/>
</testsuite> <!-- admin.UserControllerMerged -->
