<?xml version="1.0" encoding="UTF-8"?>
<!-- Generated by org.testng.reporters.JUnitReportReporter -->
<testsuite hostname="Samyak6-MainCabin" failures="0" tests="3" name="admin.DatabaseBackupController" time="0.000" errors="0" timestamp="2025-01-25T15:12:01 IST" skipped="3">
  <testcase classname="admin.DatabaseBackupController" name="test03GetBackupurl" time="0.000">
    <skipped/>
  </testcase> <!-- test03GetBackupurl -->
  <system-out/>
  <testcase classname="admin.DatabaseBackupController" name="test01PostStart" time="0.000">
    <skipped/>
  </testcase> <!-- test01PostStart -->
  <system-out/>
  <testcase classname="admin.DatabaseBackupController" name="test02GetStatus">
    <skipped/>
  </testcase> <!-- test02GetStatus -->
  <system-out/>
</testsuite> <!-- admin.DatabaseBackupController -->
