<?xml version="1.0" encoding="UTF-8"?>
<!-- Generated by org.testng.reporters.JUnitReportReporter -->
<testsuite hostname="Samyak6-MainCabin" failures="0" tests="1" name="admin.BalanceSheetController" time="0.955" errors="0" timestamp="2025-01-30T10:12:01 IST" skipped="0">
  <testcase classname="admin.BalanceSheetController" name="Test01BalanceSheet" time="0.955"/>
  <system-out/>
</testsuite> <!-- admin.BalanceSheetController -->
