<?xml version="1.0" encoding="UTF-8"?>
<!-- Generated by org.testng.reporters.JUnitReportReporter -->
<testsuite hostname="Samyak6-MainCabin" failures="0" tests="2" name="admin.ForgotPasswordController" time="0.000" errors="0" timestamp="2025-01-25T15:12:01 IST" skipped="2">
  <testcase classname="admin.ForgotPasswordController" name="test02AuthForgotPassword" time="0.000">
    <skipped/>
  </testcase> <!-- test02AuthForgotPassword -->
  <system-out/>
  <testcase classname="admin.ForgotPasswordController" name="test01AuthResetPassword" time="0.000">
    <skipped/>
  </testcase> <!-- test01AuthResetPassword -->
  <system-out/>
</testsuite> <!-- admin.ForgotPasswordController -->
